#	numOfRobots | DefaultCellScan_EvaluationScanCapabilityWrapper_revisit_percentil95 RayScanCapabilities_range_1_EvaluationScanCapabilityWrapper_revisit_percentil95 RayScanCapabilities_range_4_EvaluationScanCapabilityWrapper_revisit_percentil95 
1 238.0 94.0 30.0 
2 129.0 48.0 12.0 
3 82.0 31.0 2.0 
4 63.0 23.0 1.0 
5 51.0 18.0 1.0 
6 43.0 14.0 1.0 
7 38.0 12.0 1.0 
8 32.0 10.0 1.0 
9 27.0 6.0 1.0 
10 23.0 4.0 1.0 
11 20.0 6.0 1.0 
12 18.0 4.0 1.0 
13 16.0 3.0 1.0 
14 15.0 2.0 1.0 
15 14.0 2.0 1.0 
16 13.0 3.0 1.0 
17 12.0 2.0 1.0 
18 11.0 1.0 1.0 
19 10.0 1.0 1.0 
20 10.0 1.0 1.0 
