#	numOfRobots | DefaultCellScan_EvaluationScanCapabilityWrapper_revisit_percentil95 RayScanCapabilities_range_1_EvaluationScanCapabilityWrapper_revisit_percentil95 RayScanCapabilities_range_4_EvaluationScanCapabilityWrapper_revisit_percentil95 
1 230.0 134.0 46.0 
2 248.0 128.0 19.0 
3 248.0 76.0 6.0 
4 206.0 56.0 2.0 
5 203.0 37.0 1.0 
6 178.0 27.0 1.0 
7 161.0 2.0 1.0 
8 141.0 2.0 1.0 
9 106.0 2.0 1.0 
10 71.0 2.0 1.0 
11 50.0 2.0 1.0 
12 51.0 2.0 1.0 
13 53.0 2.0 1.0 
14 36.0 2.0 1.0 
15 27.0 2.0 1.0 
16 27.0 2.0 1.0 
17 16.0 1.0 1.0 
18 16.0 1.0 1.0 
19 11.0 1.0 1.0 
20 11.0 1.0 1.0 
