#	numOfRobots | DefaultCellScan_EvaluationScanCapabilityWrapper_revisit_percentil95 RayScanCapabilities_range_1_EvaluationScanCapabilityWrapper_revisit_percentil95 RayScanCapabilities_range_4_EvaluationScanCapabilityWrapper_revisit_percentil95 
1 250.0 126.0 44.0 
2 260.0 113.0 26.0 
3 229.0 83.0 3.0 
4 245.0 73.0 2.0 
5 201.0 34.0 1.0 
6 185.0 32.0 2.0 
7 168.0 3.0 1.0 
8 94.0 2.0 1.0 
9 101.0 2.0 1.0 
10 80.0 2.0 1.0 
11 71.0 2.0 1.0 
12 62.0 2.0 1.0 
13 56.0 2.0 1.0 
14 32.0 2.0 1.0 
15 21.0 2.0 1.0 
16 25.0 2.0 1.0 
17 20.0 1.0 1.0 
18 13.0 2.0 1.0 
19 12.0 1.0 1.0 
20 13.0 1.0 1.0 
