#	numOfRobots | DefaultCellScan_EvaluationScanCapabilityWrapper_revisit_percentil95 RayScanCapabilities_range_1_EvaluationScanCapabilityWrapper_revisit_percentil95 RayScanCapabilities_range_4_EvaluationScanCapabilityWrapper_revisit_percentil95 
1 262.0 118.0 38.0 
2 125.0 65.0 1.0 
3 62.0 10.0 8.0 
4 49.0 5.0 1.0 
5 40.0 1.0 4.0 
6 35.0 2.0 2.0 
7 29.0 1.0 1.0 
8 27.0 1.0 1.0 
9 27.0 12.0 1.0 
10 24.0 11.0 1.0 
11 21.0 9.0 1.0 
12 19.0 1.0 1.0 
13 19.0 8.0 1.0 
14 19.0 1.0 1.0 
15 17.0 1.0 1.0 
16 17.0 6.0 1.0 
17 15.0 6.0 1.0 
18 13.0 4.0 1.0 
19 12.0 1.0 1.0 
20 14.0 1.0 1.0 
