#	numOfRobots | DefaultCellScan_EvaluationScanCapabilityWrapper_revisit_percentil95 RayScanCapabilities_range_1_EvaluationScanCapabilityWrapper_revisit_percentil95 RayScanCapabilities_range_4_EvaluationScanCapabilityWrapper_revisit_percentil95 
1 244.0 122.0 66.0 
2 217.0 120.0 21.0 
3 235.0 97.0 6.0 
4 225.0 56.0 2.0 
5 206.0 27.0 1.0 
6 131.0 9.0 1.0 
7 167.0 5.0 1.0 
8 121.0 3.0 1.0 
9 120.0 2.0 1.0 
10 82.0 2.0 1.0 
11 81.0 2.0 1.0 
12 61.0 2.0 1.0 
13 50.0 2.0 1.0 
14 56.0 2.0 1.0 
15 38.0 2.0 1.0 
16 31.0 2.0 1.0 
17 32.0 2.0 1.0 
18 29.0 1.0 1.0 
19 16.0 2.0 1.0 
20 22.0 1.0 1.0 
