#	planningsteps scanCapability discount | EvaluationScanCapabilityWrapper_revisit_percentil95 
1 RayScanCapabilities_range_1 0.7 13.0 
1 RayScanCapabilities_range_1 0.8 13.0 
1 RayScanCapabilities_range_1 0.9 13.0 
1 RayScanCapabilities_range_1 0.95 13.0 
1 RayScanCapabilities_range_4 0.7 1.0 
1 RayScanCapabilities_range_4 0.8 1.0 
1 RayScanCapabilities_range_4 0.9 1.0 
1 RayScanCapabilities_range_4 0.95 1.0 
2 RayScanCapabilities_range_4 0.7 1.0 
2 RayScanCapabilities_range_4 0.8 1.0 
2 RayScanCapabilities_range_4 0.9 1.0 
2 RayScanCapabilities_range_4 0.95 1.0 
3 RayScanCapabilities_range_4 0.7 1.0 
3 RayScanCapabilities_range_4 0.8 1.0 
3 RayScanCapabilities_range_4 0.9 1.0 
3 RayScanCapabilities_range_4 0.95 1.0 
4 RayScanCapabilities_range_4 0.7 3.0 
4 RayScanCapabilities_range_4 0.8 3.0 
4 RayScanCapabilities_range_4 0.9 1.0 
4 RayScanCapabilities_range_4 0.95 1.0 
