#	numOfRobots | DefaultCellScan_EvaluationScanCapabilityWrapper_revisit_percentil95 RayScanCapabilities_range_1_EvaluationScanCapabilityWrapper_revisit_percentil95 RayScanCapabilities_range_4_EvaluationScanCapabilityWrapper_revisit_percentil95 
1 572.0 120.0 12.0 
2 262.0 54.0 6.0 
3 170.0 34.0 4.0 
4 121.0 24.0 2.0 
5 95.0 19.0 2.0 
6 75.0 16.0 2.0 
7 62.0 13.0 2.0 
8 54.0 12.0 2.0 
9 46.0 9.0 1.0 
10 40.0 8.0 1.0 
11 36.0 8.0 1.0 
12 32.0 6.0 1.0 
13 30.0 6.0 1.0 
14 27.0 6.0 1.0 
15 25.0 5.0 1.0 
16 23.0 4.0 1.0 
17 21.0 4.0 1.0 
18 20.0 4.0 1.0 
19 18.0 4.0 1.0 
20 17.0 4.0 1.0 
